<?xml version="1.0" encoding="UTF-8"?>
<testng-results skipped="0" failed="0" ignored="0" total="1" passed="1">
  <reporter-output>
  </reporter-output>
  <suite name="tests.SearchTest" duration-ms="17127" started-at="2020-01-30T15:49:47 UYT" finished-at="2020-01-30T15:50:04 UYT">
    <groups>
    </groups>
    <test name="Command line test" duration-ms="17127" started-at="2020-01-30T15:49:47 UYT" finished-at="2020-01-30T15:50:04 UYT">
      <class name="tests.SearchTest">
        <test-method status="PASS" signature="search()[pri:0, instance:tests.SearchTest@4667ae56]" name="search" duration-ms="17088" started-at="2020-01-30T15:49:47 UYT" finished-at="2020-01-30T15:50:04 UYT">
          <reporter-output>
          </reporter-output>
        </test-method> <!-- search -->
      </class> <!-- tests.SearchTest -->
    </test> <!-- Command line test -->
  </suite> <!-- tests.SearchTest -->
</testng-results>
